2020-03-10 16:52:57.562  INFO 3008 --- [restartedMain] com.lslands.LslandsApplication           : Starting LslandsApplication on Administrator with PID 3008 (D:\Code\Lslands1\target\classes started by Lsladnds in D:\Code\Lslands1)
2020-03-10 16:52:57.662 DEBUG 3008 --- [restartedMain] com.lslands.LslandsApplication           : Running with Spring Boot v2.2.5.RELEASE, Spring v5.2.4.RELEASE
2020-03-10 16:52:57.669  INFO 3008 --- [restartedMain] com.lslands.LslandsApplication           : No active profile set, falling back to default profiles: default
2020-03-10 16:52:57.740  INFO 3008 --- [restartedMain] o.s.b.devtools.restart.ChangeableUrls    : The Class-Path manifest attribute in C:\Users\Administrator\.m2\repository\org\glassfish\jaxb\jaxb-runtime\2.3.2\jaxb-runtime-2.3.2.jar referenced one or more files that do not exist: file:/C:/Users/Administrator/.m2/repository/org/glassfish/jaxb/jaxb-runtime/2.3.2/jakarta.xml.bind-api-2.3.2.jar,file:/C:/Users/Administrator/.m2/repository/org/glassfish/jaxb/jaxb-runtime/2.3.2/txw2-2.3.2.jar,file:/C:/Users/Administrator/.m2/repository/org/glassfish/jaxb/jaxb-runtime/2.3.2/istack-commons-runtime-3.0.8.jar,file:/C:/Users/Administrator/.m2/repository/org/glassfish/jaxb/jaxb-runtime/2.3.2/stax-ex-1.8.1.jar,file:/C:/Users/Administrator/.m2/repository/org/glassfish/jaxb/jaxb-runtime/2.3.2/FastInfoset-1.2.16.jar,file:/C:/Users/Administrator/.m2/repository/org/glassfish/jaxb/jaxb-runtime/2.3.2/jakarta.activation-api-1.2.1.jar
2020-03-10 16:52:57.741  INFO 3008 --- [restartedMain] .e.DevToolsPropertyDefaultsPostProcessor : Devtools property defaults active! Set 'spring.devtools.add-properties' to 'false' to disable
2020-03-10 16:52:57.741  INFO 3008 --- [restartedMain] .e.DevToolsPropertyDefaultsPostProcessor : For additional web related logging consider setting the 'logging.level.web' property to 'DEBUG'
2020-03-10 16:52:58.715  INFO 3008 --- [restartedMain] .s.d.r.c.RepositoryConfigurationDelegate : Bootstrapping Spring Data JPA repositories in DEFAULT mode.
2020-03-10 16:52:58.821  INFO 3008 --- [restartedMain] .s.d.r.c.RepositoryConfigurationDelegate : Finished Spring Data repository scanning in 93ms. Found 5 JPA repository interfaces.
2020-03-10 16:53:00.630  INFO 3008 --- [restartedMain] o.s.b.w.embedded.tomcat.TomcatWebServer  : Tomcat initialized with port(s): 8081 (http)
2020-03-10 16:53:00.643  INFO 3008 --- [restartedMain] o.apache.catalina.core.StandardService   : Starting service [Tomcat]
2020-03-10 16:53:00.643  INFO 3008 --- [restartedMain] org.apache.catalina.core.StandardEngine  : Starting Servlet engine: [Apache Tomcat/9.0.31]
2020-03-10 16:53:00.646  INFO 3008 --- [restartedMain] o.a.catalina.core.AprLifecycleListener   : Loaded APR based Apache Tomcat Native library [1.2.23] using APR version [1.7.0].
2020-03-10 16:53:00.647  INFO 3008 --- [restartedMain] o.a.catalina.core.AprLifecycleListener   : APR capabilities: IPv6 [true], sendfile [true], accept filters [false], random [true].
2020-03-10 16:53:00.647  INFO 3008 --- [restartedMain] o.a.catalina.core.AprLifecycleListener   : APR/OpenSSL configuration: useAprConnector [false], useOpenSSL [true]
2020-03-10 16:53:00.652  INFO 3008 --- [restartedMain] o.a.catalina.core.AprLifecycleListener   : OpenSSL successfully initialized [OpenSSL 1.1.1c  28 May 2019]
2020-03-10 16:53:00.841  INFO 3008 --- [restartedMain] o.a.c.c.C.[Tomcat].[localhost].[/it]     : Initializing Spring embedded WebApplicationContext
2020-03-10 16:53:00.841  INFO 3008 --- [restartedMain] o.s.web.context.ContextLoader            : Root WebApplicationContext: initialization completed in 3100 ms
2020-03-10 16:53:01.083  INFO 3008 --- [restartedMain] com.zaxxer.hikari.HikariDataSource       : HikariPool-1 - Starting...
2020-03-10 16:53:01.348  INFO 3008 --- [restartedMain] com.zaxxer.hikari.HikariDataSource       : HikariPool-1 - Start completed.
2020-03-10 16:53:01.403  INFO 3008 --- [restartedMain] o.hibernate.jpa.internal.util.LogHelper  : HHH000204: Processing PersistenceUnitInfo [name: default]
2020-03-10 16:53:01.519  INFO 3008 --- [restartedMain] org.hibernate.Version                    : HHH000412: Hibernate ORM core version 5.4.12.Final
2020-03-10 16:53:01.743  INFO 3008 --- [restartedMain] o.hibernate.annotations.common.Version   : HCANN000001: Hibernate Commons Annotations {5.1.0.Final}
2020-03-10 16:53:01.942  INFO 3008 --- [restartedMain] org.hibernate.dialect.Dialect            : HHH000400: Using dialect: org.hibernate.dialect.MySQL57Dialect
2020-03-10 16:53:03.002  INFO 3008 --- [restartedMain] o.h.e.t.j.p.i.JtaPlatformInitiator       : HHH000490: Using JtaPlatform implementation: [org.hibernate.engine.transaction.jta.platform.internal.NoJtaPlatform]
2020-03-10 16:53:03.011  INFO 3008 --- [restartedMain] j.LocalContainerEntityManagerFactoryBean : Initialized JPA EntityManagerFactory for persistence unit 'default'
2020-03-10 16:53:04.188  WARN 3008 --- [restartedMain] JpaBaseConfiguration$JpaWebConfiguration : spring.jpa.open-in-view is enabled by default. Therefore, database queries may be performed during view rendering. Explicitly configure spring.jpa.open-in-view to disable this warning
2020-03-10 16:53:04.470  INFO 3008 --- [restartedMain] o.s.s.concurrent.ThreadPoolTaskExecutor  : Initializing ExecutorService 'applicationTaskExecutor'
2020-03-10 16:53:04.792  INFO 3008 --- [restartedMain] o.s.b.a.w.s.WelcomePageHandlerMapping    : Adding welcome page template: index
2020-03-10 16:53:05.274  INFO 3008 --- [restartedMain] o.s.b.d.a.OptionalLiveReloadServer       : LiveReload server is running on port 35729
2020-03-10 16:53:05.333  INFO 3008 --- [restartedMain] o.s.b.w.embedded.tomcat.TomcatWebServer  : Tomcat started on port(s): 8081 (http) with context path '/it'
2020-03-10 16:53:05.336  INFO 3008 --- [restartedMain] com.lslands.LslandsApplication           : Started LslandsApplication in 8.734 seconds (JVM running for 11.254)
2020-03-10 16:53:20.080  INFO 3008 --- [http-nio-8081-exec-2] o.a.c.c.C.[Tomcat].[localhost].[/it]     : Initializing Spring DispatcherServlet 'dispatcherServlet'
2020-03-10 16:53:20.080  INFO 3008 --- [http-nio-8081-exec-2] o.s.web.servlet.DispatcherServlet        : Initializing Servlet 'dispatcherServlet'
2020-03-10 16:53:20.092  INFO 3008 --- [http-nio-8081-exec-2] o.s.web.servlet.DispatcherServlet        : Completed initialization in 12 ms
2020-03-10 16:53:20.295  WARN 3008 --- [http-nio-8081-exec-2] org.hibernate.orm.deprecation            : HHH90000016: Found use of deprecated 'collection property' syntax in HQL/JPQL query [t.blogs.size]; use collection function syntax instead [size(t.blogs)].
2020-03-10 16:53:20.332  WARN 3008 --- [http-nio-8081-exec-2] org.hibernate.orm.deprecation            : HHH90000016: Found use of deprecated 'collection property' syntax in HQL/JPQL query [t.blogs.size]; use collection function syntax instead [size(t.blogs)].
2020-03-10 16:55:45.181  INFO 3008 --- [Thread-21] o.s.s.concurrent.ThreadPoolTaskExecutor  : Shutting down ExecutorService 'applicationTaskExecutor'
2020-03-10 16:55:45.182  INFO 3008 --- [Thread-21] j.LocalContainerEntityManagerFactoryBean : Closing JPA EntityManagerFactory for persistence unit 'default'
2020-03-10 16:55:45.189  INFO 3008 --- [Thread-21] com.zaxxer.hikari.HikariDataSource       : HikariPool-1 - Shutdown initiated...
2020-03-10 16:55:45.249  INFO 3008 --- [Thread-21] com.zaxxer.hikari.HikariDataSource       : HikariPool-1 - Shutdown completed.
2020-03-10 16:55:47.042  INFO 3008 --- [restartedMain] com.lslands.LslandsApplication           : Starting LslandsApplication on Administrator with PID 3008 (D:\Code\Lslands1\target\classes started by Lsladnds in D:\Code\Lslands1)
2020-03-10 16:55:47.043 DEBUG 3008 --- [restartedMain] com.lslands.LslandsApplication           : Running with Spring Boot v2.2.5.RELEASE, Spring v5.2.4.RELEASE
2020-03-10 16:55:47.043  INFO 3008 --- [restartedMain] com.lslands.LslandsApplication           : No active profile set, falling back to default profiles: default
2020-03-10 16:55:48.378  INFO 3008 --- [restartedMain] .s.d.r.c.RepositoryConfigurationDelegate : Bootstrapping Spring Data JPA repositories in DEFAULT mode.
2020-03-10 16:55:48.465  INFO 3008 --- [restartedMain] .s.d.r.c.RepositoryConfigurationDelegate : Finished Spring Data repository scanning in 85ms. Found 5 JPA repository interfaces.
2020-03-10 16:55:48.853  INFO 3008 --- [restartedMain] o.s.b.w.embedded.tomcat.TomcatWebServer  : Tomcat initialized with port(s): 8081 (http)
2020-03-10 16:55:48.853  INFO 3008 --- [restartedMain] o.apache.catalina.core.StandardService   : Starting service [Tomcat]
2020-03-10 16:55:48.854  INFO 3008 --- [restartedMain] org.apache.catalina.core.StandardEngine  : Starting Servlet engine: [Apache Tomcat/9.0.31]
2020-03-10 16:55:48.855  INFO 3008 --- [restartedMain] o.a.catalina.core.AprLifecycleListener   : Loaded APR based Apache Tomcat Native library [1.2.23] using APR version [1.7.0].
2020-03-10 16:55:48.855  INFO 3008 --- [restartedMain] o.a.catalina.core.AprLifecycleListener   : APR capabilities: IPv6 [true], sendfile [true], accept filters [false], random [true].
2020-03-10 16:55:48.855  INFO 3008 --- [restartedMain] o.a.catalina.core.AprLifecycleListener   : APR/OpenSSL configuration: useAprConnector [false], useOpenSSL [true]
2020-03-10 16:55:48.856  INFO 3008 --- [restartedMain] o.a.catalina.core.AprLifecycleListener   : OpenSSL successfully initialized [OpenSSL 1.1.1c  28 May 2019]
2020-03-10 16:55:48.882  INFO 3008 --- [restartedMain] o.a.c.c.C.[Tomcat].[localhost].[/it]     : Initializing Spring embedded WebApplicationContext
2020-03-10 16:55:48.882  INFO 3008 --- [restartedMain] o.s.web.context.ContextLoader            : Root WebApplicationContext: initialization completed in 1833 ms
2020-03-10 16:55:50.173  INFO 3008 --- [restartedMain] com.zaxxer.hikari.HikariDataSource       : HikariPool-2 - Starting...
2020-03-10 16:55:50.185  INFO 3008 --- [restartedMain] com.zaxxer.hikari.HikariDataSource       : HikariPool-2 - Start completed.
2020-03-10 16:55:50.192  INFO 3008 --- [restartedMain] o.hibernate.jpa.internal.util.LogHelper  : HHH000204: Processing PersistenceUnitInfo [name: default]
2020-03-10 16:55:50.197  INFO 3008 --- [restartedMain] org.hibernate.dialect.Dialect            : HHH000400: Using dialect: org.hibernate.dialect.MySQL57Dialect
2020-03-10 16:55:50.344  INFO 3008 --- [restartedMain] o.h.e.t.j.p.i.JtaPlatformInitiator       : HHH000490: Using JtaPlatform implementation: [org.hibernate.engine.transaction.jta.platform.internal.NoJtaPlatform]
2020-03-10 16:55:50.345  INFO 3008 --- [restartedMain] j.LocalContainerEntityManagerFactoryBean : Initialized JPA EntityManagerFactory for persistence unit 'default'
2020-03-10 16:55:50.888  WARN 3008 --- [restartedMain] JpaBaseConfiguration$JpaWebConfiguration : spring.jpa.open-in-view is enabled by default. Therefore, database queries may be performed during view rendering. Explicitly configure spring.jpa.open-in-view to disable this warning
2020-03-10 16:55:51.045  INFO 3008 --- [restartedMain] o.s.s.concurrent.ThreadPoolTaskExecutor  : Initializing ExecutorService 'applicationTaskExecutor'
2020-03-10 16:55:51.099  INFO 3008 --- [restartedMain] o.s.b.a.w.s.WelcomePageHandlerMapping    : Adding welcome page template: index
2020-03-10 16:55:51.489  INFO 3008 --- [restartedMain] o.s.b.d.a.OptionalLiveReloadServer       : LiveReload server is running on port 35729
2020-03-10 16:55:51.510  INFO 3008 --- [restartedMain] o.s.b.w.embedded.tomcat.TomcatWebServer  : Tomcat started on port(s): 8081 (http) with context path '/it'
2020-03-10 16:55:51.511  INFO 3008 --- [restartedMain] com.lslands.LslandsApplication           : Started LslandsApplication in 4.591 seconds (JVM running for 177.429)
2020-03-10 16:55:51.513  INFO 3008 --- [restartedMain] .ConditionEvaluationDeltaLoggingListener : Condition evaluation unchanged
2020-03-10 17:18:47.555  INFO 3008 --- [Thread-28] o.s.s.concurrent.ThreadPoolTaskExecutor  : Shutting down ExecutorService 'applicationTaskExecutor'
2020-03-10 17:18:47.558  INFO 3008 --- [Thread-28] j.LocalContainerEntityManagerFactoryBean : Closing JPA EntityManagerFactory for persistence unit 'default'
2020-03-10 17:18:47.564  INFO 3008 --- [Thread-28] com.zaxxer.hikari.HikariDataSource       : HikariPool-2 - Shutdown initiated...
2020-03-10 17:18:47.643  INFO 3008 --- [Thread-28] com.zaxxer.hikari.HikariDataSource       : HikariPool-2 - Shutdown completed.
2020-03-10 17:18:49.761  INFO 3008 --- [restartedMain] com.lslands.LslandsApplication           : Starting LslandsApplication on Administrator with PID 3008 (D:\Code\Lslands1\target\classes started by Lsladnds in D:\Code\Lslands1)
2020-03-10 17:18:49.761 DEBUG 3008 --- [restartedMain] com.lslands.LslandsApplication           : Running with Spring Boot v2.2.5.RELEASE, Spring v5.2.4.RELEASE
2020-03-10 17:18:49.762  INFO 3008 --- [restartedMain] com.lslands.LslandsApplication           : No active profile set, falling back to default profiles: default
2020-03-10 17:18:50.460  INFO 3008 --- [restartedMain] .s.d.r.c.RepositoryConfigurationDelegate : Bootstrapping Spring Data JPA repositories in DEFAULT mode.
2020-03-10 17:18:50.543  INFO 3008 --- [restartedMain] .s.d.r.c.RepositoryConfigurationDelegate : Finished Spring Data repository scanning in 81ms. Found 5 JPA repository interfaces.
2020-03-10 17:18:50.970  INFO 3008 --- [restartedMain] o.s.b.w.embedded.tomcat.TomcatWebServer  : Tomcat initialized with port(s): 8081 (http)
2020-03-10 17:18:50.971  INFO 3008 --- [restartedMain] o.apache.catalina.core.StandardService   : Starting service [Tomcat]
2020-03-10 17:18:50.971  INFO 3008 --- [restartedMain] org.apache.catalina.core.StandardEngine  : Starting Servlet engine: [Apache Tomcat/9.0.31]
2020-03-10 17:18:50.972  INFO 3008 --- [restartedMain] o.a.catalina.core.AprLifecycleListener   : Loaded APR based Apache Tomcat Native library [1.2.23] using APR version [1.7.0].
2020-03-10 17:18:50.972  INFO 3008 --- [restartedMain] o.a.catalina.core.AprLifecycleListener   : APR capabilities: IPv6 [true], sendfile [true], accept filters [false], random [true].
2020-03-10 17:18:50.972  INFO 3008 --- [restartedMain] o.a.catalina.core.AprLifecycleListener   : APR/OpenSSL configuration: useAprConnector [false], useOpenSSL [true]
2020-03-10 17:18:50.973  INFO 3008 --- [restartedMain] o.a.catalina.core.AprLifecycleListener   : OpenSSL successfully initialized [OpenSSL 1.1.1c  28 May 2019]
2020-03-10 17:18:51.007  INFO 3008 --- [restartedMain] o.a.c.c.C.[Tomcat].[localhost].[/it]     : Initializing Spring embedded WebApplicationContext
2020-03-10 17:18:51.007  INFO 3008 --- [restartedMain] o.s.web.context.ContextLoader            : Root WebApplicationContext: initialization completed in 1239 ms
2020-03-10 17:18:51.092  INFO 3008 --- [restartedMain] com.zaxxer.hikari.HikariDataSource       : HikariPool-3 - Starting...
2020-03-10 17:18:51.103  INFO 3008 --- [restartedMain] com.zaxxer.hikari.HikariDataSource       : HikariPool-3 - Start completed.
2020-03-10 17:18:51.109  INFO 3008 --- [restartedMain] o.hibernate.jpa.internal.util.LogHelper  : HHH000204: Processing PersistenceUnitInfo [name: default]
2020-03-10 17:18:51.113  INFO 3008 --- [restartedMain] org.hibernate.dialect.Dialect            : HHH000400: Using dialect: org.hibernate.dialect.MySQL57Dialect
2020-03-10 17:18:51.364  INFO 3008 --- [restartedMain] o.h.e.t.j.p.i.JtaPlatformInitiator       : HHH000490: Using JtaPlatform implementation: [org.hibernate.engine.transaction.jta.platform.internal.NoJtaPlatform]
2020-03-10 17:18:51.365  INFO 3008 --- [restartedMain] j.LocalContainerEntityManagerFactoryBean : Initialized JPA EntityManagerFactory for persistence unit 'default'
2020-03-10 17:18:52.086  WARN 3008 --- [restartedMain] JpaBaseConfiguration$JpaWebConfiguration : spring.jpa.open-in-view is enabled by default. Therefore, database queries may be performed during view rendering. Explicitly configure spring.jpa.open-in-view to disable this warning
2020-03-10 17:18:52.262  INFO 3008 --- [restartedMain] o.s.s.concurrent.ThreadPoolTaskExecutor  : Initializing ExecutorService 'applicationTaskExecutor'
2020-03-10 17:18:52.315  INFO 3008 --- [restartedMain] o.s.b.a.w.s.WelcomePageHandlerMapping    : Adding welcome page template: index
2020-03-10 17:18:52.708  INFO 3008 --- [restartedMain] o.s.b.d.a.OptionalLiveReloadServer       : LiveReload server is running on port 35729
2020-03-10 17:18:52.727  INFO 3008 --- [restartedMain] o.s.b.w.embedded.tomcat.TomcatWebServer  : Tomcat started on port(s): 8081 (http) with context path '/it'
2020-03-10 17:18:52.727  INFO 3008 --- [restartedMain] com.lslands.LslandsApplication           : Started LslandsApplication in 3.016 seconds (JVM running for 1558.645)
2020-03-10 17:18:52.729  INFO 3008 --- [restartedMain] .ConditionEvaluationDeltaLoggingListener : Condition evaluation unchanged
2020-03-10 17:49:14.014  INFO 3008 --- [SpringContextShutdownHook] o.s.s.concurrent.ThreadPoolTaskExecutor  : Shutting down ExecutorService 'applicationTaskExecutor'
2020-03-10 17:49:14.018  INFO 3008 --- [SpringContextShutdownHook] j.LocalContainerEntityManagerFactoryBean : Closing JPA EntityManagerFactory for persistence unit 'default'
2020-03-10 17:49:14.023  INFO 3008 --- [SpringContextShutdownHook] com.zaxxer.hikari.HikariDataSource       : HikariPool-3 - Shutdown initiated...
2020-03-10 17:49:14.029  INFO 3008 --- [SpringContextShutdownHook] com.zaxxer.hikari.HikariDataSource       : HikariPool-3 - Shutdown completed.
2020-03-10 21:54:54.571  INFO 7688 --- [restartedMain] com.lslands.LslandsApplication           : Starting LslandsApplication on Administrator with PID 7688 (D:\Code\Lslands1\target\classes started by Lsladnds in D:\Code\Lslands1)
2020-03-10 21:54:54.574 DEBUG 7688 --- [restartedMain] com.lslands.LslandsApplication           : Running with Spring Boot v2.2.5.RELEASE, Spring v5.2.4.RELEASE
2020-03-10 21:54:54.574  INFO 7688 --- [restartedMain] com.lslands.LslandsApplication           : No active profile set, falling back to default profiles: default
2020-03-10 21:54:54.631  INFO 7688 --- [restartedMain] o.s.b.devtools.restart.ChangeableUrls    : The Class-Path manifest attribute in C:\Users\Administrator\.m2\repository\org\glassfish\jaxb\jaxb-runtime\2.3.2\jaxb-runtime-2.3.2.jar referenced one or more files that do not exist: file:/C:/Users/Administrator/.m2/repository/org/glassfish/jaxb/jaxb-runtime/2.3.2/jakarta.xml.bind-api-2.3.2.jar,file:/C:/Users/Administrator/.m2/repository/org/glassfish/jaxb/jaxb-runtime/2.3.2/txw2-2.3.2.jar,file:/C:/Users/Administrator/.m2/repository/org/glassfish/jaxb/jaxb-runtime/2.3.2/istack-commons-runtime-3.0.8.jar,file:/C:/Users/Administrator/.m2/repository/org/glassfish/jaxb/jaxb-runtime/2.3.2/stax-ex-1.8.1.jar,file:/C:/Users/Administrator/.m2/repository/org/glassfish/jaxb/jaxb-runtime/2.3.2/FastInfoset-1.2.16.jar,file:/C:/Users/Administrator/.m2/repository/org/glassfish/jaxb/jaxb-runtime/2.3.2/jakarta.activation-api-1.2.1.jar
2020-03-10 21:54:54.632  INFO 7688 --- [restartedMain] .e.DevToolsPropertyDefaultsPostProcessor : Devtools property defaults active! Set 'spring.devtools.add-properties' to 'false' to disable
2020-03-10 21:54:54.632  INFO 7688 --- [restartedMain] .e.DevToolsPropertyDefaultsPostProcessor : For additional web related logging consider setting the 'logging.level.web' property to 'DEBUG'
2020-03-10 21:54:55.481  INFO 7688 --- [restartedMain] .s.d.r.c.RepositoryConfigurationDelegate : Bootstrapping Spring Data JPA repositories in DEFAULT mode.
2020-03-10 21:54:55.566  INFO 7688 --- [restartedMain] .s.d.r.c.RepositoryConfigurationDelegate : Finished Spring Data repository scanning in 74ms. Found 5 JPA repository interfaces.
2020-03-10 21:54:56.884  INFO 7688 --- [restartedMain] o.s.b.w.embedded.tomcat.TomcatWebServer  : Tomcat initialized with port(s): 8080 (http)
2020-03-10 21:54:56.894  INFO 7688 --- [restartedMain] o.apache.catalina.core.StandardService   : Starting service [Tomcat]
2020-03-10 21:54:56.894  INFO 7688 --- [restartedMain] org.apache.catalina.core.StandardEngine  : Starting Servlet engine: [Apache Tomcat/9.0.31]
2020-03-10 21:54:56.896  INFO 7688 --- [restartedMain] o.a.catalina.core.AprLifecycleListener   : Loaded APR based Apache Tomcat Native library [1.2.23] using APR version [1.7.0].
2020-03-10 21:54:56.897  INFO 7688 --- [restartedMain] o.a.catalina.core.AprLifecycleListener   : APR capabilities: IPv6 [true], sendfile [true], accept filters [false], random [true].
2020-03-10 21:54:56.897  INFO 7688 --- [restartedMain] o.a.catalina.core.AprLifecycleListener   : APR/OpenSSL configuration: useAprConnector [false], useOpenSSL [true]
2020-03-10 21:54:56.901  INFO 7688 --- [restartedMain] o.a.catalina.core.AprLifecycleListener   : OpenSSL successfully initialized [OpenSSL 1.1.1c  28 May 2019]
2020-03-10 21:54:57.020  INFO 7688 --- [restartedMain] o.a.c.c.C.[Tomcat].[localhost].[/it]     : Initializing Spring embedded WebApplicationContext
2020-03-10 21:54:57.020  INFO 7688 --- [restartedMain] o.s.web.context.ContextLoader            : Root WebApplicationContext: initialization completed in 2388 ms
2020-03-10 21:54:57.254  INFO 7688 --- [restartedMain] com.zaxxer.hikari.HikariDataSource       : HikariPool-1 - Starting...
2020-03-10 21:54:57.540  INFO 7688 --- [restartedMain] com.zaxxer.hikari.HikariDataSource       : HikariPool-1 - Start completed.
2020-03-10 21:54:57.589  INFO 7688 --- [restartedMain] o.hibernate.jpa.internal.util.LogHelper  : HHH000204: Processing PersistenceUnitInfo [name: default]
2020-03-10 21:54:57.683  INFO 7688 --- [restartedMain] org.hibernate.Version                    : HHH000412: Hibernate ORM core version 5.4.12.Final
2020-03-10 21:54:57.846  INFO 7688 --- [restartedMain] o.hibernate.annotations.common.Version   : HCANN000001: Hibernate Commons Annotations {5.1.0.Final}
2020-03-10 21:54:57.969  INFO 7688 --- [restartedMain] org.hibernate.dialect.Dialect            : HHH000400: Using dialect: org.hibernate.dialect.MySQL57Dialect
2020-03-10 21:54:58.686  INFO 7688 --- [restartedMain] o.h.e.t.j.p.i.JtaPlatformInitiator       : HHH000490: Using JtaPlatform implementation: [org.hibernate.engine.transaction.jta.platform.internal.NoJtaPlatform]
2020-03-10 21:54:58.693  INFO 7688 --- [restartedMain] j.LocalContainerEntityManagerFactoryBean : Initialized JPA EntityManagerFactory for persistence unit 'default'
2020-03-10 21:54:59.584  WARN 7688 --- [restartedMain] ConfigServletWebServerApplicationContext : Exception encountered during context initialization - cancelling refresh attempt: org.springframework.beans.factory.BeanCreationException: Error creating bean with name 'commentController': Injection of autowired dependencies failed; nested exception is java.lang.IllegalArgumentException: Could not resolve placeholder 'comment.avatar' in value "${comment.avatar}"
2020-03-10 21:54:59.585  INFO 7688 --- [restartedMain] j.LocalContainerEntityManagerFactoryBean : Closing JPA EntityManagerFactory for persistence unit 'default'
2020-03-10 21:54:59.588  INFO 7688 --- [restartedMain] com.zaxxer.hikari.HikariDataSource       : HikariPool-1 - Shutdown initiated...
2020-03-10 21:54:59.597  INFO 7688 --- [restartedMain] com.zaxxer.hikari.HikariDataSource       : HikariPool-1 - Shutdown completed.
2020-03-10 21:54:59.599  INFO 7688 --- [restartedMain] o.apache.catalina.core.StandardService   : Stopping service [Tomcat]
2020-03-10 21:54:59.609  INFO 7688 --- [restartedMain] ConditionEvaluationReportLoggingListener : 

Error starting ApplicationContext. To display the conditions report re-run your application with 'debug' enabled.
2020-03-10 21:54:59.619 ERROR 7688 --- [restartedMain] o.s.boot.SpringApplication               : Application run failed

org.springframework.beans.factory.BeanCreationException: Error creating bean with name 'commentController': Injection of autowired dependencies failed; nested exception is java.lang.IllegalArgumentException: Could not resolve placeholder 'comment.avatar' in value "${comment.avatar}"
	at org.springframework.beans.factory.annotation.AutowiredAnnotationBeanPostProcessor.postProcessProperties(AutowiredAnnotationBeanPostProcessor.java:405)
	at org.springframework.beans.factory.support.AbstractAutowireCapableBeanFactory.populateBean(AbstractAutowireCapableBeanFactory.java:1422)
	at org.springframework.beans.factory.support.AbstractAutowireCapableBeanFactory.doCreateBean(AbstractAutowireCapableBeanFactory.java:594)
	at org.springframework.beans.factory.support.AbstractAutowireCapableBeanFactory.createBean(AbstractAutowireCapableBeanFactory.java:517)
	at org.springframework.beans.factory.support.AbstractBeanFactory.lambda$doGetBean$0(AbstractBeanFactory.java:323)
	at org.springframework.beans.factory.support.DefaultSingletonBeanRegistry.getSingleton(DefaultSingletonBeanRegistry.java:222)
	at org.springframework.beans.factory.support.AbstractBeanFactory.doGetBean(AbstractBeanFactory.java:321)
	at org.springframework.beans.factory.support.AbstractBeanFactory.getBean(AbstractBeanFactory.java:202)
	at org.springframework.beans.factory.support.DefaultListableBeanFactory.preInstantiateSingletons(DefaultListableBeanFactory.java:879)
	at org.springframework.context.support.AbstractApplicationContext.finishBeanFactoryInitialization(AbstractApplicationContext.java:878)
	at org.springframework.context.support.AbstractApplicationContext.refresh(AbstractApplicationContext.java:550)
	at org.springframework.boot.web.servlet.context.ServletWebServerApplicationContext.refresh(ServletWebServerApplicationContext.java:141)
	at org.springframework.boot.SpringApplication.refresh(SpringApplication.java:747)
	at org.springframework.boot.SpringApplication.refreshContext(SpringApplication.java:397)
	at org.springframework.boot.SpringApplication.run(SpringApplication.java:315)
	at org.springframework.boot.SpringApplication.run(SpringApplication.java:1226)
	at org.springframework.boot.SpringApplication.run(SpringApplication.java:1215)
	at com.lslands.LslandsApplication.main(LslandsApplication.java:12)
	at sun.reflect.NativeMethodAccessorImpl.invoke0(Native Method)
	at sun.reflect.NativeMethodAccessorImpl.invoke(NativeMethodAccessorImpl.java:62)
	at sun.reflect.DelegatingMethodAccessorImpl.invoke(DelegatingMethodAccessorImpl.java:43)
	at java.lang.reflect.Method.invoke(Method.java:498)
	at org.springframework.boot.devtools.restart.RestartLauncher.run(RestartLauncher.java:49)
Caused by: java.lang.IllegalArgumentException: Could not resolve placeholder 'comment.avatar' in value "${comment.avatar}"
	at org.springframework.util.PropertyPlaceholderHelper.parseStringValue(PropertyPlaceholderHelper.java:178)
	at org.springframework.util.PropertyPlaceholderHelper.replacePlaceholders(PropertyPlaceholderHelper.java:124)
	at org.springframework.core.env.AbstractPropertyResolver.doResolvePlaceholders(AbstractPropertyResolver.java:236)
	at org.springframework.core.env.AbstractPropertyResolver.resolveRequiredPlaceholders(AbstractPropertyResolver.java:210)
	at org.springframework.context.support.PropertySourcesPlaceholderConfigurer.lambda$processProperties$0(PropertySourcesPlaceholderConfigurer.java:175)
	at org.springframework.beans.factory.support.AbstractBeanFactory.resolveEmbeddedValue(AbstractBeanFactory.java:909)
	at org.springframework.beans.factory.support.DefaultListableBeanFactory.doResolveDependency(DefaultListableBeanFactory.java:1228)
	at org.springframework.beans.factory.support.DefaultListableBeanFactory.resolveDependency(DefaultListableBeanFactory.java:1207)
	at org.springframework.beans.factory.annotation.AutowiredAnnotationBeanPostProcessor$AutowiredFieldElement.inject(AutowiredAnnotationBeanPostProcessor.java:640)
	at org.springframework.beans.factory.annotation.InjectionMetadata.inject(InjectionMetadata.java:130)
	at org.springframework.beans.factory.annotation.AutowiredAnnotationBeanPostProcessor.postProcessProperties(AutowiredAnnotationBeanPostProcessor.java:399)
	... 22 common frames omitted

2020-03-10 21:56:28.330  INFO 17660 --- [restartedMain] com.lslands.LslandsApplication           : Starting LslandsApplication on Administrator with PID 17660 (D:\Code\Lslands1\target\classes started by Lsladnds in D:\Code\Lslands1)
2020-03-10 21:56:28.335 DEBUG 17660 --- [restartedMain] com.lslands.LslandsApplication           : Running with Spring Boot v2.2.5.RELEASE, Spring v5.2.4.RELEASE
2020-03-10 21:56:28.336  INFO 17660 --- [restartedMain] com.lslands.LslandsApplication           : No active profile set, falling back to default profiles: default
2020-03-10 21:56:28.390  INFO 17660 --- [restartedMain] o.s.b.devtools.restart.ChangeableUrls    : The Class-Path manifest attribute in C:\Users\Administrator\.m2\repository\org\glassfish\jaxb\jaxb-runtime\2.3.2\jaxb-runtime-2.3.2.jar referenced one or more files that do not exist: file:/C:/Users/Administrator/.m2/repository/org/glassfish/jaxb/jaxb-runtime/2.3.2/jakarta.xml.bind-api-2.3.2.jar,file:/C:/Users/Administrator/.m2/repository/org/glassfish/jaxb/jaxb-runtime/2.3.2/txw2-2.3.2.jar,file:/C:/Users/Administrator/.m2/repository/org/glassfish/jaxb/jaxb-runtime/2.3.2/istack-commons-runtime-3.0.8.jar,file:/C:/Users/Administrator/.m2/repository/org/glassfish/jaxb/jaxb-runtime/2.3.2/stax-ex-1.8.1.jar,file:/C:/Users/Administrator/.m2/repository/org/glassfish/jaxb/jaxb-runtime/2.3.2/FastInfoset-1.2.16.jar,file:/C:/Users/Administrator/.m2/repository/org/glassfish/jaxb/jaxb-runtime/2.3.2/jakarta.activation-api-1.2.1.jar
2020-03-10 21:56:28.391  INFO 17660 --- [restartedMain] .e.DevToolsPropertyDefaultsPostProcessor : Devtools property defaults active! Set 'spring.devtools.add-properties' to 'false' to disable
2020-03-10 21:56:28.392  INFO 17660 --- [restartedMain] .e.DevToolsPropertyDefaultsPostProcessor : For additional web related logging consider setting the 'logging.level.web' property to 'DEBUG'
2020-03-10 21:56:29.428  INFO 17660 --- [restartedMain] .s.d.r.c.RepositoryConfigurationDelegate : Bootstrapping Spring Data JPA repositories in DEFAULT mode.
2020-03-10 21:56:29.500  INFO 17660 --- [restartedMain] .s.d.r.c.RepositoryConfigurationDelegate : Finished Spring Data repository scanning in 64ms. Found 5 JPA repository interfaces.
2020-03-10 21:56:30.309  INFO 17660 --- [restartedMain] o.s.b.w.embedded.tomcat.TomcatWebServer  : Tomcat initialized with port(s): 8080 (http)
2020-03-10 21:56:30.318  INFO 17660 --- [restartedMain] o.apache.catalina.core.StandardService   : Starting service [Tomcat]
2020-03-10 21:56:30.318  INFO 17660 --- [restartedMain] org.apache.catalina.core.StandardEngine  : Starting Servlet engine: [Apache Tomcat/9.0.31]
2020-03-10 21:56:30.321  INFO 17660 --- [restartedMain] o.a.catalina.core.AprLifecycleListener   : Loaded APR based Apache Tomcat Native library [1.2.23] using APR version [1.7.0].
2020-03-10 21:56:30.321  INFO 17660 --- [restartedMain] o.a.catalina.core.AprLifecycleListener   : APR capabilities: IPv6 [true], sendfile [true], accept filters [false], random [true].
2020-03-10 21:56:30.321  INFO 17660 --- [restartedMain] o.a.catalina.core.AprLifecycleListener   : APR/OpenSSL configuration: useAprConnector [false], useOpenSSL [true]
2020-03-10 21:56:30.325  INFO 17660 --- [restartedMain] o.a.catalina.core.AprLifecycleListener   : OpenSSL successfully initialized [OpenSSL 1.1.1c  28 May 2019]
2020-03-10 21:56:30.432  INFO 17660 --- [restartedMain] o.a.c.c.C.[Tomcat].[localhost].[/it]     : Initializing Spring embedded WebApplicationContext
2020-03-10 21:56:30.432  INFO 17660 --- [restartedMain] o.s.web.context.ContextLoader            : Root WebApplicationContext: initialization completed in 2040 ms
2020-03-10 21:56:30.626  INFO 17660 --- [restartedMain] com.zaxxer.hikari.HikariDataSource       : HikariPool-1 - Starting...
2020-03-10 21:56:30.889  INFO 17660 --- [restartedMain] com.zaxxer.hikari.HikariDataSource       : HikariPool-1 - Start completed.
2020-03-10 21:56:30.925  INFO 17660 --- [restartedMain] o.hibernate.jpa.internal.util.LogHelper  : HHH000204: Processing PersistenceUnitInfo [name: default]
2020-03-10 21:56:30.987  INFO 17660 --- [restartedMain] org.hibernate.Version                    : HHH000412: Hibernate ORM core version 5.4.12.Final
2020-03-10 21:56:31.101  INFO 17660 --- [restartedMain] o.hibernate.annotations.common.Version   : HCANN000001: Hibernate Commons Annotations {5.1.0.Final}
2020-03-10 21:56:31.192  INFO 17660 --- [restartedMain] org.hibernate.dialect.Dialect            : HHH000400: Using dialect: org.hibernate.dialect.MySQL57Dialect
2020-03-10 21:56:31.778  INFO 17660 --- [restartedMain] o.h.e.t.j.p.i.JtaPlatformInitiator       : HHH000490: Using JtaPlatform implementation: [org.hibernate.engine.transaction.jta.platform.internal.NoJtaPlatform]
2020-03-10 21:56:31.785  INFO 17660 --- [restartedMain] j.LocalContainerEntityManagerFactoryBean : Initialized JPA EntityManagerFactory for persistence unit 'default'
2020-03-10 21:56:32.655  WARN 17660 --- [restartedMain] JpaBaseConfiguration$JpaWebConfiguration : spring.jpa.open-in-view is enabled by default. Therefore, database queries may be performed during view rendering. Explicitly configure spring.jpa.open-in-view to disable this warning
2020-03-10 21:56:32.851  INFO 17660 --- [restartedMain] o.s.s.concurrent.ThreadPoolTaskExecutor  : Initializing ExecutorService 'applicationTaskExecutor'
2020-03-10 21:56:32.954  INFO 17660 --- [restartedMain] o.s.b.a.w.s.WelcomePageHandlerMapping    : Adding welcome page template: index
2020-03-10 21:56:33.445  INFO 17660 --- [restartedMain] o.s.b.d.a.OptionalLiveReloadServer       : LiveReload server is running on port 35729
2020-03-10 21:56:33.493  INFO 17660 --- [restartedMain] o.s.b.w.embedded.tomcat.TomcatWebServer  : Tomcat started on port(s): 8080 (http) with context path '/it'
2020-03-10 21:56:33.495  INFO 17660 --- [restartedMain] com.lslands.LslandsApplication           : Started LslandsApplication in 5.739 seconds (JVM running for 7.334)
2020-03-10 21:56:45.013  INFO 17660 --- [http-nio-8080-exec-2] o.a.c.c.C.[Tomcat].[localhost].[/it]     : Initializing Spring DispatcherServlet 'dispatcherServlet'
2020-03-10 21:56:45.014  INFO 17660 --- [http-nio-8080-exec-2] o.s.web.servlet.DispatcherServlet        : Initializing Servlet 'dispatcherServlet'
2020-03-10 21:56:45.025  INFO 17660 --- [http-nio-8080-exec-2] o.s.web.servlet.DispatcherServlet        : Completed initialization in 11 ms
2020-03-10 21:56:45.176  WARN 17660 --- [http-nio-8080-exec-2] org.hibernate.orm.deprecation            : HHH90000016: Found use of deprecated 'collection property' syntax in HQL/JPQL query [t.blogs.size]; use collection function syntax instead [size(t.blogs)].
2020-03-10 21:56:45.206  WARN 17660 --- [http-nio-8080-exec-2] org.hibernate.orm.deprecation            : HHH90000016: Found use of deprecated 'collection property' syntax in HQL/JPQL query [t.blogs.size]; use collection function syntax instead [size(t.blogs)].
2020-03-10 21:57:05.812  INFO 7512 --- [restartedMain] com.lslands.LslandsApplication           : Starting LslandsApplication on Administrator with PID 7512 (D:\Code\Lslands1\target\classes started by Lsladnds in D:\Code\Lslands1)
2020-03-10 21:57:05.815 DEBUG 7512 --- [restartedMain] com.lslands.LslandsApplication           : Running with Spring Boot v2.2.5.RELEASE, Spring v5.2.4.RELEASE
2020-03-10 21:57:05.816  INFO 7512 --- [restartedMain] com.lslands.LslandsApplication           : No active profile set, falling back to default profiles: default
2020-03-10 21:57:05.866  INFO 7512 --- [restartedMain] o.s.b.devtools.restart.ChangeableUrls    : The Class-Path manifest attribute in C:\Users\Administrator\.m2\repository\org\glassfish\jaxb\jaxb-runtime\2.3.2\jaxb-runtime-2.3.2.jar referenced one or more files that do not exist: file:/C:/Users/Administrator/.m2/repository/org/glassfish/jaxb/jaxb-runtime/2.3.2/jakarta.xml.bind-api-2.3.2.jar,file:/C:/Users/Administrator/.m2/repository/org/glassfish/jaxb/jaxb-runtime/2.3.2/txw2-2.3.2.jar,file:/C:/Users/Administrator/.m2/repository/org/glassfish/jaxb/jaxb-runtime/2.3.2/istack-commons-runtime-3.0.8.jar,file:/C:/Users/Administrator/.m2/repository/org/glassfish/jaxb/jaxb-runtime/2.3.2/stax-ex-1.8.1.jar,file:/C:/Users/Administrator/.m2/repository/org/glassfish/jaxb/jaxb-runtime/2.3.2/FastInfoset-1.2.16.jar,file:/C:/Users/Administrator/.m2/repository/org/glassfish/jaxb/jaxb-runtime/2.3.2/jakarta.activation-api-1.2.1.jar
2020-03-10 21:57:05.866  INFO 7512 --- [restartedMain] .e.DevToolsPropertyDefaultsPostProcessor : Devtools property defaults active! Set 'spring.devtools.add-properties' to 'false' to disable
2020-03-10 21:57:05.866  INFO 7512 --- [restartedMain] .e.DevToolsPropertyDefaultsPostProcessor : For additional web related logging consider setting the 'logging.level.web' property to 'DEBUG'
2020-03-10 21:57:06.916  INFO 7512 --- [restartedMain] .s.d.r.c.RepositoryConfigurationDelegate : Bootstrapping Spring Data JPA repositories in DEFAULT mode.
2020-03-10 21:57:06.987  INFO 7512 --- [restartedMain] .s.d.r.c.RepositoryConfigurationDelegate : Finished Spring Data repository scanning in 63ms. Found 5 JPA repository interfaces.
2020-03-10 21:57:07.767  INFO 7512 --- [restartedMain] o.s.b.w.embedded.tomcat.TomcatWebServer  : Tomcat initialized with port(s): 8080 (http)
2020-03-10 21:57:07.776  INFO 7512 --- [restartedMain] o.apache.catalina.core.StandardService   : Starting service [Tomcat]
2020-03-10 21:57:07.776  INFO 7512 --- [restartedMain] org.apache.catalina.core.StandardEngine  : Starting Servlet engine: [Apache Tomcat/9.0.31]
2020-03-10 21:57:07.778  INFO 7512 --- [restartedMain] o.a.catalina.core.AprLifecycleListener   : Loaded APR based Apache Tomcat Native library [1.2.23] using APR version [1.7.0].
2020-03-10 21:57:07.778  INFO 7512 --- [restartedMain] o.a.catalina.core.AprLifecycleListener   : APR capabilities: IPv6 [true], sendfile [true], accept filters [false], random [true].
2020-03-10 21:57:07.779  INFO 7512 --- [restartedMain] o.a.catalina.core.AprLifecycleListener   : APR/OpenSSL configuration: useAprConnector [false], useOpenSSL [true]
2020-03-10 21:57:07.783  INFO 7512 --- [restartedMain] o.a.catalina.core.AprLifecycleListener   : OpenSSL successfully initialized [OpenSSL 1.1.1c  28 May 2019]
2020-03-10 21:57:07.904  INFO 7512 --- [restartedMain] o.a.c.c.C.[Tomcat].[localhost].[/it]     : Initializing Spring embedded WebApplicationContext
2020-03-10 21:57:07.904  INFO 7512 --- [restartedMain] o.s.web.context.ContextLoader            : Root WebApplicationContext: initialization completed in 2037 ms
2020-03-10 21:57:08.120  INFO 7512 --- [restartedMain] com.zaxxer.hikari.HikariDataSource       : HikariPool-1 - Starting...
2020-03-10 21:57:08.372  INFO 7512 --- [restartedMain] com.zaxxer.hikari.HikariDataSource       : HikariPool-1 - Start completed.
2020-03-10 21:57:08.415  INFO 7512 --- [restartedMain] o.hibernate.jpa.internal.util.LogHelper  : HHH000204: Processing PersistenceUnitInfo [name: default]
2020-03-10 21:57:08.474  INFO 7512 --- [restartedMain] org.hibernate.Version                    : HHH000412: Hibernate ORM core version 5.4.12.Final
2020-03-10 21:57:08.607  INFO 7512 --- [restartedMain] o.hibernate.annotations.common.Version   : HCANN000001: Hibernate Commons Annotations {5.1.0.Final}
2020-03-10 21:57:08.698  INFO 7512 --- [restartedMain] org.hibernate.dialect.Dialect            : HHH000400: Using dialect: org.hibernate.dialect.MySQL57Dialect
2020-03-10 21:57:09.346  INFO 7512 --- [restartedMain] o.h.e.t.j.p.i.JtaPlatformInitiator       : HHH000490: Using JtaPlatform implementation: [org.hibernate.engine.transaction.jta.platform.internal.NoJtaPlatform]
2020-03-10 21:57:09.354  INFO 7512 --- [restartedMain] j.LocalContainerEntityManagerFactoryBean : Initialized JPA EntityManagerFactory for persistence unit 'default'
2020-03-10 21:57:10.349  WARN 7512 --- [restartedMain] JpaBaseConfiguration$JpaWebConfiguration : spring.jpa.open-in-view is enabled by default. Therefore, database queries may be performed during view rendering. Explicitly configure spring.jpa.open-in-view to disable this warning
2020-03-10 21:57:10.599  INFO 7512 --- [restartedMain] o.s.s.concurrent.ThreadPoolTaskExecutor  : Initializing ExecutorService 'applicationTaskExecutor'
2020-03-10 21:57:10.707  INFO 7512 --- [restartedMain] o.s.b.a.w.s.WelcomePageHandlerMapping    : Adding welcome page template: index
2020-03-10 21:57:11.268  INFO 7512 --- [restartedMain] o.s.b.d.a.OptionalLiveReloadServer       : LiveReload server is running on port 35729
2020-03-10 21:57:11.537  INFO 7512 --- [restartedMain] o.s.b.w.embedded.tomcat.TomcatWebServer  : Tomcat started on port(s): 8080 (http) with context path '/it'
2020-03-10 21:57:11.540  INFO 7512 --- [restartedMain] com.lslands.LslandsApplication           : Started LslandsApplication in 6.3 seconds (JVM running for 8.103)
